<?xml version="1.0" encoding="UTF-8"?>
<!-- Generated by org.testng.reporters.JUnitXMLReporter -->
<testsuite ignored="0" hostname="DESKTOP-7NNF0FV" failures="0" tests="3" name="ChromeTest" time="65.21" errors="0" timestamp="2023-03-27T15:06:34 IST">
  <testcase classname="Testing.CrossBrowser" name="test_profile" time="12.014"/>
  <testcase classname="Testing.CrossBrowser" name="test_progress" time="10.162"/>
  <testcase classname="Testing.CrossBrowser" name="test_teacher" time="13.625"/>
</testsuite> <!-- ChromeTest -->
