<?xml version="1.0" encoding="UTF-8"?>
<!-- Generated by org.testng.reporters.JUnitXMLReporter -->
<testsuite ignored="0" hostname="DESKTOP-7NNF0FV" failures="0" tests="3" name="EdgeTest" time="74.368" errors="0" timestamp="2023-03-27T15:08:11 IST">
  <testcase classname="Testing.CrossBrowser" name="test_profile" time="11.412"/>
  <testcase classname="Testing.CrossBrowser" name="test_progress" time="12.475"/>
  <testcase classname="Testing.CrossBrowser" name="test_teacher" time="17.878"/>
</testsuite> <!-- EdgeTest -->
